Info: Nothing to build for EX_4
Info: Nothing to build for EX_4
Info: Nothing to build for EX_1
Info: Nothing to build for EX_2
Info: Nothing to build for EX_3
21:37:41 **** Incremental Build of configuration Debug for project EX_4 ****
Info: Internal Builder is used for build
gcc -O0 -g3 -Wall -c -fmessage-length=0 -o main.o "..\\main.c" 
..\main.c:11:6: warning: return type of 'main' is not 'int' [-Wmain]
 void main()
      ^~~~
gcc -o EX_4.exe main.o 
Info: Nothing to build for EX_4
Info: Nothing to build for EX_1
Info: Nothing to build for EX_2
Info: Nothing to build for EX_3
21:38:08 **** Incremental Build of configuration Debug for project EX_4 ****
Info: Internal Builder is used for build
gcc -O0 -g3 -Wall -c -fmessage-length=0 -o main.o "..\\main.c" 
..\main.c:11:6: warning: return type of 'main' is not 'int' [-Wmain]
 void main()
      ^~~~
gcc -o EX_4.exe main.o 
Info: Nothing to build for EX_4
Info: Nothing to build for EX_4
Info: Nothing to build for EX_1
Info: Nothing to build for EX_2
Info: Nothing to build for EX_3
21:38:44 **** Incremental Build of configuration Debug for project EX_4 ****
Info: Internal Builder is used for build
gcc -O0 -g3 -Wall -c -fmessage-length=0 -o main.o "..\\main.c" 
..\main.c:11:6: warning: return type of 'main' is not 'int' [-Wmain]
 void main()
      ^~~~
gcc -o EX_4.exe main.o 
Info: Nothing to build for EX_4
Info: Nothing to build for EX_4
Info: Nothing to build for EX_4
Info: Nothing to build for EX_1
Info: Nothing to build for EX_2
Info: Nothing to build for EX_3
21:43:54 **** Incremental Build of configuration Debug for project EX_4 ****
Info: Internal Builder is used for build
gcc -O0 -g3 -Wall -c -fmessage-length=0 -o main.o "..\\main.c" 
..\main.c:11:6: warning: return type of 'main' is not 'int' [-Wmain]
 void main()
      ^~~~
..\main.c: In function 'main':
..\main.c:15:9: warning: character constant too long for its type
  printf('the ASCI of letter %c = %d and %c = %d  and %c = %d  and %c = %d ',a,a,A,A,z,z,Z,Z);
         ^~~~~~~~~~~~~~~~~~~~~~~~~~~~~~~~~~~~~~~~~~~~~~~~~~~~~~~~~~~~~~~~~~~
..\main.c:15:9: warning: passing argument 1 of 'printf' makes pointer from integer without a cast [-Wint-conversion]
In file included from ..\main.c:9:0:
c:\mingw\include\stdio.h:454:38: note: expected 'const char *' but argument is of type 'int'
 _CRTIMP __cdecl __MINGW_NOTHROW  int printf (const char *, ...);
                                      ^~~~~~
gcc -o EX_4.exe main.o 
21:43:54 **** Rebuild of configuration Debug for project EX_5 ****
Info: Internal Builder is used for build
gcc -O0 -g3 -Wall -c -fmessage-length=0 -o main.o "..\\main.c" 
gcc -o EX_5.exe main.o 
c:/mingw/bin/../lib/gcc/mingw32/6.3.0/../../../libmingw32.a(main.o):(.text.startup+0xa0): undefined reference to `WinMain@16'
collect2.exe: error: ld returned 1 exit status
Info: Nothing to build for EX_1
Info: Nothing to build for EX_2
Info: Nothing to build for EX_3
21:44:57 **** Incremental Build of configuration Debug for project EX_4 ****
Info: Internal Builder is used for build
gcc -O0 -g3 -Wall -c -fmessage-length=0 -o main.o "..\\main.c" 
..\main.c:11:6: warning: return type of 'main' is not 'int' [-Wmain]
 void main()
      ^~~~
gcc -o EX_4.exe main.o 
21:44:58 **** Incremental Build of configuration Debug for project EX_5 ****
Info: Internal Builder is used for build
gcc -O0 -g3 -Wall -c -fmessage-length=0 -o main.o "..\\main.c" 
..\main.c:11:6: warning: return type of 'main' is not 'int' [-Wmain]
 void main()
      ^~~~
..\main.c: In function 'main':
..\main.c:15:9: warning: character constant too long for its type
  printf('the ASCI of letter %c = %d and %c = %d  and %c = %d  and %c = %d ',a,a,A,A,z,z,Z,Z);
         ^~~~~~~~~~~~~~~~~~~~~~~~~~~~~~~~~~~~~~~~~~~~~~~~~~~~~~~~~~~~~~~~~~~
..\main.c:15:9: warning: passing argument 1 of 'printf' makes pointer from integer without a cast [-Wint-conversion]
In file included from ..\main.c:9:0:
c:\mingw\include\stdio.h:454:38: note: expected 'const char *' but argument is of type 'int'
 _CRTIMP __cdecl __MINGW_NOTHROW  int printf (const char *, ...);
                                      ^~~~~~
gcc -o EX_5.exe main.o 
Info: Nothing to build for EX_5
Info: Nothing to build for EX_5
Info: Nothing to build for EX_1
Info: Nothing to build for EX_2
Info: Nothing to build for EX_3
Info: Nothing to build for EX_4
21:45:33 **** Incremental Build of configuration Debug for project EX_5 ****
Info: Internal Builder is used for build
gcc -O0 -g3 -Wall -c -fmessage-length=0 -o main.o "..\\main.c" 
..\main.c:11:6: warning: return type of 'main' is not 'int' [-Wmain]
 void main()
      ^~~~
..\main.c: In function 'main':
..\main.c:15:9: warning: character constant too long for its type
  printf('the ASCI of letter %c = %d and %c = %d  and %c = %d  and %c = %d ',a,a,A,A,z,z,Z,Z);
         ^~~~~~~~~~~~~~~~~~~~~~~~~~~~~~~~~~~~~~~~~~~~~~~~~~~~~~~~~~~~~~~~~~~
..\main.c:15:9: warning: passing argument 1 of 'printf' makes pointer from integer without a cast [-Wint-conversion]
In file included from ..\main.c:9:0:
c:\mingw\include\stdio.h:454:38: note: expected 'const char *' but argument is of type 'int'
 _CRTIMP __cdecl __MINGW_NOTHROW  int printf (const char *, ...);
                                      ^~~~~~
gcc -o EX_5.exe main.o 
Info: Nothing to build for EX_5
Info: Nothing to build for EX_1
Info: Nothing to build for EX_2
Info: Nothing to build for EX_3
Info: Nothing to build for EX_4
21:46:19 **** Incremental Build of configuration Debug for project EX_5 ****
Info: Internal Builder is used for build
gcc -O0 -g3 -Wall -c -fmessage-length=0 -o main.o "..\\main.c" 
..\main.c:11:6: warning: return type of 'main' is not 'int' [-Wmain]
 void main()
      ^~~~
gcc -o EX_5.exe main.o 
Info: Nothing to build for EX_5
Info: Nothing to build for EX_1
Info: Nothing to build for EX_2
Info: Nothing to build for EX_3
Info: Nothing to build for EX_4
21:52:19 **** Incremental Build of configuration Debug for project EX_5 ****
Info: Internal Builder is used for build
gcc -O0 -g3 -Wall -c -fmessage-length=0 -o main.o "..\\main.c" 
..\main.c:11:6: warning: return type of 'main' is not 'int' [-Wmain]
 void main()
      ^~~~
..\main.c: In function 'main':
..\main.c:19:39: warning: suggest parentheses around '&&' within '||' [-Wparentheses]
  if((c >= 'a' && c <= 'z') || c >= 'A'&& c <= 'Z')
                               ~~~~~~~~^~~~~~~~~~~
gcc -o EX_5.exe main.o 
Info: Nothing to build for EX_5
Info: Nothing to build for EX_5
Info: Nothing to build for EX_5
Info: Nothing to build for EX_5
Info: Nothing to build for EX_1
Info: Nothing to build for EX_2
Info: Nothing to build for EX_3
Info: Nothing to build for EX_4
Info: Nothing to build for EX_5
23:01:06 **** Rebuild of configuration Debug for project EX_6 ****
Info: Internal Builder is used for build
gcc -O0 -g3 -Wall -c -fmessage-length=0 -o main.o "..\\main.c" 
..\main.c:11:6: warning: return type of 'main' is not 'int' [-Wmain]
 void main()
      ^~~~
..\main.c: In function 'main':
..\main.c:16:2: warning: implicit declaration of function 'scan' [-Wimplicit-function-declaration]
  scan("%d",&n);
  ^~~~
gcc -o EX_6.exe main.o 
main.o: In function `main':
D:\Embedded_System_online_Diploma\C Basics Assignments\Home_work2\EX_6\Debug/../main.c:16: undefined reference to `scan'
collect2.exe: error: ld returned 1 exit status
Info: Nothing to build for EX_1
Info: Nothing to build for EX_2
Info: Nothing to build for EX_3
Info: Nothing to build for EX_4
Info: Nothing to build for EX_5
23:01:23 **** Incremental Build of configuration Debug for project EX_6 ****
Info: Internal Builder is used for build
gcc -O0 -g3 -Wall -c -fmessage-length=0 -o main.o "..\\main.c" 
..\main.c:11:6: warning: return type of 'main' is not 'int' [-Wmain]
 void main()
      ^~~~
gcc -o EX_6.exe main.o 
Info: Nothing to build for EX_6
Info: Nothing to build for EX_1
Info: Nothing to build for EX_2
Info: Nothing to build for EX_3
Info: Nothing to build for EX_4
Info: Nothing to build for EX_5
23:01:53 **** Incremental Build of configuration Debug for project EX_6 ****
Info: Internal Builder is used for build
gcc -O0 -g3 -Wall -c -fmessage-length=0 -o main.o "..\\main.c" 
..\main.c:11:6: warning: return type of 'main' is not 'int' [-Wmain]
 void main()
      ^~~~
gcc -o EX_6.exe main.o 
Info: Nothing to build for EX_6
Info: Nothing to build for EX_1
Info: Nothing to build for EX_2
Info: Nothing to build for EX_3
Info: Nothing to build for EX_4
Info: Nothing to build for EX_5
Info: Nothing to build for EX_6
23:08:15 **** Rebuild of configuration Debug for project EX_7 ****
Info: Internal Builder is used for build
gcc -O0 -g3 -Wall -c -fmessage-length=0 -o main.o "..\\main.c" 
..\main.c:11:6: warning: return type of 'main' is not 'int' [-Wmain]
 void main()
      ^~~~
..\main.c: In function 'main':
..\main.c:20:2: warning: suggest parentheses around assignment used as truth value [-Wparentheses]
  else if(n=0)
  ^~~~
gcc -o EX_7.exe main.o 
Info: Nothing to build for EX_7
Info: Nothing to build for EX_1
Info: Nothing to build for EX_2
Info: Nothing to build for EX_3
Info: Nothing to build for EX_4
Info: Nothing to build for EX_5
Info: Nothing to build for EX_6
23:08:38 **** Incremental Build of configuration Debug for project EX_7 ****
Info: Internal Builder is used for build
gcc -O0 -g3 -Wall -c -fmessage-length=0 -o main.o "..\\main.c" 
..\main.c:11:6: warning: return type of 'main' is not 'int' [-Wmain]
 void main()
      ^~~~
..\main.c: In function 'main':
..\main.c:22:2: warning: suggest parentheses around assignment used as truth value [-Wparentheses]
  else if(n=0)
  ^~~~
gcc -o EX_7.exe main.o 
Info: Nothing to build for EX_7
Info: Nothing to build for EX_1
Info: Nothing to build for EX_2
Info: Nothing to build for EX_3
Info: Nothing to build for EX_4
Info: Nothing to build for EX_5
Info: Nothing to build for EX_6
23:09:18 **** Incremental Build of configuration Debug for project EX_7 ****
Info: Internal Builder is used for build
gcc -O0 -g3 -Wall -c -fmessage-length=0 -o main.o "..\\main.c" 
..\main.c:11:6: warning: return type of 'main' is not 'int' [-Wmain]
 void main()
      ^~~~
gcc -o EX_7.exe main.o 
Info: Nothing to build for EX_7
Info: Nothing to build for EX_7
Info: Nothing to build for EX_1
Info: Nothing to build for EX_2
Info: Nothing to build for EX_3
Info: Nothing to build for EX_4
Info: Nothing to build for EX_5
Info: Nothing to build for EX_6
23:09:58 **** Incremental Build of configuration Debug for project EX_7 ****
Info: Internal Builder is used for build
gcc -O0 -g3 -Wall -c -fmessage-length=0 -o main.o "..\\main.c" 
..\main.c:11:6: warning: return type of 'main' is not 'int' [-Wmain]
 void main()
      ^~~~
gcc -o EX_7.exe main.o 
Info: Nothing to build for EX_7
Info: Nothing to build for EX_7
Info: Nothing to build for EX_7
23:10:56 **** Incremental Build of configuration Debug for project EX_7 ****
Info: Internal Builder is used for build
gcc -O0 -g3 -Wall -c -fmessage-length=0 -o main.o "..\\main.c" 
..\main.c:11:6: warning: return type of 'main' is not 'int' [-Wmain]
 void main()
      ^~~~
gcc -o EX_7.exe main.o 
Info: Nothing to build for EX_1
Info: Nothing to build for EX_2
Info: Nothing to build for EX_3
Info: Nothing to build for EX_4
Info: Nothing to build for EX_5
Info: Nothing to build for EX_6
23:13:19 **** Incremental Build of configuration Debug for project EX_7 ****
Info: Internal Builder is used for build
gcc -O0 -g3 -Wall -c -fmessage-length=0 -o main.o "..\\main.c" 
..\main.c:11:6: warning: return type of 'main' is not 'int' [-Wmain]
 void main()
      ^~~~
..\main.c: In function 'main':
..\main.c:34:2: error: label at end of compound statement
  label:
  ^~~~~
Info: Nothing to build for EX_1
Info: Nothing to build for EX_2
Info: Nothing to build for EX_3
Info: Nothing to build for EX_4
Info: Nothing to build for EX_5
Info: Nothing to build for EX_6
23:13:32 **** Incremental Build of configuration Debug for project EX_7 ****
Info: Internal Builder is used for build
gcc -O0 -g3 -Wall -c -fmessage-length=0 -o main.o "..\\main.c" 
..\main.c:11:6: warning: return type of 'main' is not 'int' [-Wmain]
 void main()
      ^~~~
..\main.c: In function 'main':
..\main.c:33:2: error: label at end of compound statement
  label:
  ^~~~~
Info: Nothing to build for EX_1
Info: Nothing to build for EX_2
Info: Nothing to build for EX_3
Info: Nothing to build for EX_4
Info: Nothing to build for EX_5
Info: Nothing to build for EX_6
23:13:53 **** Incremental Build of configuration Debug for project EX_7 ****
Info: Internal Builder is used for build
gcc -O0 -g3 -Wall -c -fmessage-length=0 -o main.o "..\\main.c" 
..\main.c:11:6: warning: return type of 'main' is not 'int' [-Wmain]
 void main()
      ^~~~
..\main.c: In function 'main':
..\main.c:33:1: error: label at end of compound statement
 label:
 ^~~~~
Info: Nothing to build for EX_1
Info: Nothing to build for EX_2
Info: Nothing to build for EX_3
Info: Nothing to build for EX_4
Info: Nothing to build for EX_5
Info: Nothing to build for EX_6
23:15:46 **** Incremental Build of configuration Debug for project EX_7 ****
Info: Internal Builder is used for build
gcc -O0 -g3 -Wall -c -fmessage-length=0 -o main.o "..\\main.c" 
gcc -o EX_7.exe main.o 
23:15:51 **** Incremental Build of configuration Debug for project EX_7 ****
Info: Internal Builder is used for build
gcc -O0 -g3 -Wall -c -fmessage-length=0 -o main.o "..\\main.c" 
gcc -o EX_7.exe main.o 
Info: Nothing to build for EX_1
Info: Nothing to build for EX_2
Info: Nothing to build for EX_3
Info: Nothing to build for EX_4
Info: Nothing to build for EX_5
Info: Nothing to build for EX_6
23:25:52 **** Incremental Build of configuration Debug for project EX_7 ****
Info: Internal Builder is used for build
gcc -O0 -g3 -Wall -c -fmessage-length=0 -o main.o "..\\main.c" 
gcc -o EX_7.exe main.o 
23:25:53 **** Rebuild of configuration Debug for project EX_8 ****
Info: Internal Builder is used for build
gcc -O0 -g3 -Wall -c -fmessage-length=0 -o main.o "..\\main.c" 
..\main.c:11:6: warning: return type of 'main' is not 'int' [-Wmain]
 void main()
      ^~~~
..\main.c: In function 'main':
..\main.c:17:10: warning: format '%c' expects argument of type 'char *', but argument 2 has type 'int' [-Wformat=]
  scanf("%c,",choice);
          ^
..\main.c:17:2: warning: 'choice' is used uninitialized in this function [-Wuninitialized]
  scanf("%c,",choice);
  ^~~~~~~~~~~~~~~~~~~
gcc -o EX_8.exe main.o 
Info: Nothing to build for EX_1
Info: Nothing to build for EX_2
Info: Nothing to build for EX_3
Info: Nothing to build for EX_4
Info: Nothing to build for EX_5
Info: Nothing to build for EX_6
Info: Nothing to build for EX_7
23:26:06 **** Incremental Build of configuration Debug for project EX_8 ****
Info: Internal Builder is used for build
gcc -O0 -g3 -Wall -c -fmessage-length=0 -o main.o "..\\main.c" 
..\main.c:11:6: warning: return type of 'main' is not 'int' [-Wmain]
 void main()
      ^~~~
..\main.c: In function 'main':
..\main.c:17:10: warning: format '%c' expects argument of type 'char *', but argument 2 has type 'int *' [-Wformat=]
  scanf("%c,",&choice);
          ^
gcc -o EX_8.exe main.o 
Info: Nothing to build for EX_8
Info: Nothing to build for EX_1
Info: Nothing to build for EX_2
Info: Nothing to build for EX_3
Info: Nothing to build for EX_4
Info: Nothing to build for EX_5
Info: Nothing to build for EX_6
Info: Nothing to build for EX_7
23:26:57 **** Incremental Build of configuration Debug for project EX_8 ****
Info: Internal Builder is used for build
gcc -O0 -g3 -Wall -c -fmessage-length=0 -o main.o "..\\main.c" 
..\main.c:11:6: warning: return type of 'main' is not 'int' [-Wmain]
 void main()
      ^~~~
gcc -o EX_8.exe main.o 
Info: Nothing to build for EX_8
Info: Nothing to build for EX_8
Info: Nothing to build for EX_8
Info: Nothing to build for EX_1
Info: Nothing to build for EX_2
Info: Nothing to build for EX_3
Info: Nothing to build for EX_4
Info: Nothing to build for EX_5
Info: Nothing to build for EX_6
Info: Nothing to build for EX_7
Info: Nothing to build for EX_8
23:35:16 **** Rebuild of configuration Debug for project EX_9 ****
Info: Internal Builder is used for build
gcc -O0 -g3 -Wall -c -fmessage-length=0 -o main.o "..\\main.c" 
..\main.c:11:6: warning: return type of 'main' is not 'int' [-Wmain]
 void main()
      ^~~~
..\main.c: In function 'main':
..\main.c:21:15: error: expected ';' before ':' token
    printf("*"):
               ^
Info: Nothing to build for EX_1
Info: Nothing to build for EX_2
Info: Nothing to build for EX_3
Info: Nothing to build for EX_4
Info: Nothing to build for EX_5
Info: Nothing to build for EX_6
Info: Nothing to build for EX_7
Info: Nothing to build for EX_8
23:35:21 **** Incremental Build of configuration Debug for project EX_9 ****
Info: Internal Builder is used for build
gcc -O0 -g3 -Wall -c -fmessage-length=0 -o main.o "..\\main.c" 
..\main.c:11:6: warning: return type of 'main' is not 'int' [-Wmain]
 void main()
      ^~~~
gcc -o EX_9.exe main.o 
Info: Nothing to build for EX_9
Info: Nothing to build for EX_1
Info: Nothing to build for EX_2
Info: Nothing to build for EX_3
Info: Nothing to build for EX_4
Info: Nothing to build for EX_5
Info: Nothing to build for EX_6
Info: Nothing to build for EX_7
Info: Nothing to build for EX_8
23:36:00 **** Incremental Build of configuration Debug for project EX_9 ****
Info: Internal Builder is used for build
gcc -O0 -g3 -Wall -c -fmessage-length=0 -o main.o "..\\main.c" 
..\main.c:11:6: warning: return type of 'main' is not 'int' [-Wmain]
 void main()
      ^~~~
gcc -o EX_9.exe main.o 
Info: Nothing to build for EX_9
Info: Nothing to build for EX_1
Info: Nothing to build for EX_2
Info: Nothing to build for EX_3
Info: Nothing to build for EX_4
Info: Nothing to build for EX_5
Info: Nothing to build for EX_6
Info: Nothing to build for EX_7
Info: Nothing to build for EX_8
23:36:35 **** Incremental Build of configuration Debug for project EX_9 ****
Info: Internal Builder is used for build
gcc -O0 -g3 -Wall -c -fmessage-length=0 -o main.o "..\\main.c" 
..\main.c:11:6: warning: return type of 'main' is not 'int' [-Wmain]
 void main()
      ^~~~
gcc -o EX_9.exe main.o 
Info: Nothing to build for EX_9
Info: Nothing to build for EX_1
Info: Nothing to build for EX_2
Info: Nothing to build for EX_3
Info: Nothing to build for EX_4
Info: Nothing to build for EX_5
Info: Nothing to build for EX_6
Info: Nothing to build for EX_7
Info: Nothing to build for EX_8
23:37:57 **** Incremental Build of configuration Debug for project EX_9 ****
Info: Internal Builder is used for build
gcc -O0 -g3 -Wall -c -fmessage-length=0 -o main.o "..\\main.c" 
..\main.c:11:6: warning: return type of 'main' is not 'int' [-Wmain]
 void main()
      ^~~~
gcc -o EX_9.exe main.o 
Info: Nothing to build for EX_9
23:38:26 **** Incremental Build of configuration Debug for project EX_9 ****
Info: Internal Builder is used for build
gcc -O0 -g3 -Wall -c -fmessage-length=0 -o main.o "..\\main.c" 
..\main.c:11:6: warning: return type of 'main' is not 'int' [-Wmain]
 void main()
      ^~~~
gcc -o EX_9.exe main.o 
Info: Nothing to build for EX_1
Info: Nothing to build for EX_2
Info: Nothing to build for EX_3
Info: Nothing to build for EX_4
Info: Nothing to build for EX_5
Info: Nothing to build for EX_6
Info: Nothing to build for EX_7
Info: Nothing to build for EX_8
23:39:50 **** Incremental Build of configuration Debug for project EX_9 ****
Info: Internal Builder is used for build
gcc -O0 -g3 -Wall -c -fmessage-length=0 -o main.o "..\\main.c" 
..\main.c:11:6: warning: return type of 'main' is not 'int' [-Wmain]
 void main()
      ^~~~
gcc -o EX_9.exe main.o 
c:/mingw/bin/../lib/gcc/mingw32/6.3.0/../../../../mingw32/bin/ld.exe: cannot open output file EX_9.exe: Permission denied
collect2.exe: error: ld returned 1 exit status
Info: Nothing to build for EX_1
Info: Nothing to build for EX_2
Info: Nothing to build for EX_3
Info: Nothing to build for EX_4
Info: Nothing to build for EX_5
Info: Nothing to build for EX_6
Info: Nothing to build for EX_7
Info: Nothing to build for EX_8
23:39:59 **** Incremental Build of configuration Debug for project EX_9 ****
Info: Internal Builder is used for build
gcc -o EX_9.exe main.o 
Info: Nothing to build for EX_1
Info: Nothing to build for EX_2
Info: Nothing to build for EX_3
Info: Nothing to build for EX_4
Info: Nothing to build for EX_5
Info: Nothing to build for EX_6
Info: Nothing to build for EX_7
Info: Nothing to build for EX_8
Info: Nothing to build for EX_9
Info: Nothing to build for EX_9
Info: Nothing to build for EX_1
Info: Nothing to build for EX_2
Info: Nothing to build for EX_3
Info: Nothing to build for EX_4
Info: Nothing to build for EX_5
Info: Nothing to build for EX_6
Info: Nothing to build for EX_7
Info: Nothing to build for EX_8
23:41:11 **** Incremental Build of configuration Debug for project EX_9 ****
Info: Internal Builder is used for build
gcc -O0 -g3 -Wall -c -fmessage-length=0 -o main.o "..\\main.c" 
..\main.c:11:6: warning: return type of 'main' is not 'int' [-Wmain]
 void main()
      ^~~~
gcc -o EX_9.exe main.o 
Info: Nothing to build for EX_9
